gavrasm Gerd's AVR assembler version 5.4 (C)2022 by DG4FAC
----------------------------------------------------------
Source file: secondary.asm
Hex file:    secondary.hex
Eeprom file: secondary.eep
Compiled:    07.04.2023, 23:36:31
Pass:        2
     1: 
     2: ;
     3: ;
     4: ;
     5: ; AssemblerApplication1.asm
     6: ;
     7: ; Created: 06.02.2023 18:38:51
     8: ; Author : Georgul
     9: ;
    10: .device atmega328p
    11: 
    12: .def TMP = R20
    13: 
    14: .org $000
    15: 000000   940C  JMP reset ; Указатель на начало программы
        000001   00C3
    16: 
    17: ; Функция паузы 54-227-8
    18: delay:
    19: 000002   E0D0  LDI R29, 0
    20: 000003   E0E1  LDI R30, 1
    21: 000004   E3F0  LDI R31, 48;
    22: 	
    23: delay_sub:
    24: 000005   95E3  INC R30
    25: 000006   0000  NOP
    26: 000007   0000  NOP
    27: 000008   0000  NOP
    28: 000009   0000  NOP
    29: 00000A   0000  NOP
    30: 00000B   0000  NOP
    31: 00000C   0000  NOP
    32: 00000D   0000  NOP
    33: 00000E   0000  NOP
    34: 00000F   0000  NOP
    35: 000010   0000  NOP
    36: 000011   0000  NOP
    37: 000012   0000  NOP
    38: 000013   0000  NOP
    39: 000014   0000  NOP
    40: 000015   0000  NOP
    41: 000016   0000  NOP
    42: 000017   0000  NOP
    43: 000018   0000  NOP
    44: 000019   0000  NOP
    45: 00001A   0000  NOP
    46: 00001B   0000  NOP
    47: 00001C   0000  NOP
    48: 00001D   0000  NOP
    49: 00001E   0000  NOP
    50: 00001F   0000  NOP
    51: 000020   0000  NOP
    52: 000021   0000  NOP
    53: 000022   0000  NOP
    54: 000023   0000  NOP
    55: 000024   0000  NOP
    56: 000025   0000  NOP
    57: 000026   0000  NOP
    58: 000027   0000  NOP
    59: 000028   0000  NOP
    60: 000029   0000  NOP
    61: 00002A   0000  NOP
    62: 00002B   0000  NOP
    63: 00002C   0000  NOP
    64: 00002D   0000  NOP
    65: 00002E   0000  NOP
    66: 00002F   0000  NOP
    67: 000030   0000  NOP
    68: 000031   0000  NOP
    69: 000032   0000  NOP
    70: 000033   0000  NOP
    71: 000034   0000  NOP
    72: 000035   0000  NOP
    73: 000036   0000  NOP
    74: 000037   0000  NOP
    75: 000038   0000  NOP
    76: 000039   0000  NOP
    77: 00003A   0000  NOP
    78: 00003B   0000  NOP
    79: 00003C   0000  NOP
    80: 00003D   0000  NOP
    81: 00003E   0000  NOP
    82: 00003F   0000  NOP
    83: 000040   0000  NOP
    84: 000041   0000  NOP
    85: 000042   0000  NOP
    86: 000043   0000  NOP
    87: 000044   0000  NOP
    88: 000045   0000  NOP
    89: 000046   0000  NOP
    90: 000047   0000  NOP
    91: 000048   0000  NOP
    92: 000049   0000  NOP
    93: 00004A   0000  NOP
    94: 00004B   0000  NOP
    95: 00004C   0000  NOP
    96: 00004D   0000  NOP
    97: 00004E   0000  NOP
    98: 00004F   0000  NOP
    99: 000050   0000  NOP
   100: 000051   0000  NOP
   101: 000052   0000  NOP
   102: 000053   0000  NOP
   103: 000054   0000  NOP
   104: 000055   0000  NOP
   105: 000056   0000  NOP
   106: 000057   0000  NOP
   107: 000058   0000  NOP
   108: 000059   0000  NOP
   109: 00005A   0000  NOP
   110: 00005B   0000  NOP
   111: 00005C   0000  NOP
   112: 00005D   0000  NOP
   113: 00005E   0000  NOP
   114: 00005F   0000  NOP
   115: 000060   0000  NOP
   116: 000061   0000  NOP
   117: 000062   0000  NOP
   118: 000063   0000  NOP
   119: 000064   0000  NOP
   120: 000065   0000  NOP
   121: 000066   0000  NOP
   122: 000067   0000  NOP
   123: 000068   0000  NOP
   124: 000069   0000  NOP
   125: 00006A   0000  NOP
   126: 00006B   0000  NOP
   127: 00006C   0000  NOP
   128: 00006D   0000  NOP
   129: 00006E   0000  NOP
   130: 00006F   0000  NOP
   131: 000070   0000  NOP
   132: 000071   0000  NOP
   133: 000072   0000  NOP
   134: 000073   0000  NOP
   135: 000074   0000  NOP
   136: 000075   0000  NOP
   137: 000076   0000  NOP
   138: 000077   0000  NOP
   139: 000078   0000  NOP
   140: 000079   0000  NOP
   141: 00007A   0000  NOP
   142: 00007B   0000  NOP
   143: 00007C   0000  NOP
   144: 00007D   0000  NOP
   145: 00007E   0000  NOP
   146: 00007F   0000  NOP
   147: 000080   0000  NOP
   148: 000081   0000  NOP
   149: 000082   0000  NOP
   150: 000083   0000  NOP
   151: 000084   0000  NOP
   152: 000085   13ED  CPSE R30, R29
   153: 000086   940E  CALL delay_sub
        000087   0005
   154: 000088   0000  NOP
   155: 000089   0000  NOP
   156: 00008A   0000  NOP
   157: 00008B   0000  NOP
   158: 00008C   0000  NOP
   159: 00008D   0000  NOP
   160: 00008E   0000  NOP
   161: 00008F   0000  NOP
   162: 000090   0000  NOP
   163: 000091   0000  NOP
   164: 000092   0000  NOP
   165: 000093   0000  NOP
   166: 000094   0000  NOP
   167: 000095   0000  NOP
   168: 000096   0000  NOP
   169: 000097   0000  NOP
   170: 000098   0000  NOP
   171: 000099   0000  NOP
   172: 00009A   0000  NOP
   173: 00009B   0000  NOP
   174: 00009C   0000  NOP
   175: 00009D   0000  NOP
   176: 00009E   0000  NOP
   177: 00009F   0000  NOP
   178: 0000A0   0000  NOP
   179: 0000A1   0000  NOP
   180: 0000A2   0000  NOP
   181: 0000A3   0000  NOP
   182: 0000A4   0000  NOP
   183: 0000A5   0000  NOP
   184: 0000A6   0000  NOP
   185: 0000A7   0000  NOP
   186: 0000A8   0000  NOP
   187: 0000A9   0000  NOP
   188: 0000AA   0000  NOP
   189: 0000AB   0000  NOP
   190: 0000AC   0000  NOP
   191: 0000AD   0000  NOP
   192: 0000AE   0000  NOP
   193: 0000AF   0000  NOP
   194: 0000B0   0000  NOP
   195: 0000B1   0000  NOP
   196: 0000B2   0000  NOP
   197: 0000B3   0000  NOP
   198: 0000B4   0000  NOP
   199: 0000B5   0000  NOP
   200: 0000B6   0000  NOP
   201: 0000B7   0000  NOP
   202: 0000B8   0000  NOP
   203: 0000B9   0000  NOP
   204: 0000BA   0000  NOP
   205: 0000BB   0000  NOP
   206: 0000BC   0000  NOP
   207: 0000BD   0000  NOP
   208: 0000BE   95FA  DEC R31
   209: 0000BF   13FD  CPSE R31, R29
   210: 0000C0   940E  CALL delay_sub
        0000C1   0005
   211: 0000C2   9508  RET
   212: 
   213: ; Начальная настройка
   214: reset:
   215: ; настройка исходных значений
   216: 0000C3   E041  LDI  TMP, 0x01;
   217: 0000C4   2E04  MOV  R0, TMP
   218: 0000C5   2744  CLR  TMP;
   219: ; настройка портов ввода-вывода
   220: 0000C6   EF4F  SER  TMP ; 0xFF
   221: 0000C7   B94A  OUT  DDRD, TMP ; Вывод
   222: ; Установка вершины стека в конец ОЗУ
   223: 0000C8   E048  LDI  TMP, HIGH(RAMEND) ; Старшие разряды адреса
   224: 0000C9   BF4E  OUT  SPH, TMP 
   225: 0000CA   EF4F  LDI  TMP, LOW(RAMEND) ; Младшие разряды адреса
   226: 0000CB   BF4D  OUT  SPL, TMP
   227: 
   228: ; Основной цикл
   229: loop:
   230: ; Циклический сдвиг 32-разрядного числа R0-R3 
   231: 0000CC   FA00  BST R0, 0 ; сохранение младшего бита во флаге Т
   232: 0000CD   9407  ROR R0 ; циклический сдвиг вправо
   233: 0000CE   F807  BLD R0, 7 ; заполнение 7 бита значением из флага T
   234: ; Вывод 32-разрядного числа R0-R3 на порты PORTA-PORTD
   235: 0000CF   B80B  OUT PORTD, R0
   236: ; Пауза
   237: 0000D0   940E  CALL delay;
        0000D1   0002
   238: ; Возврат в начало основного цикла
   239: 0000D2   CFF9  RJMP loop ;

Program             :      211 words.
Constants           :        0 words.
Total program memory:      211 words.
Eeprom space        :        0 bytes.
Data segment        :        0 bytes.
Compilation completed, no errors.
Compilation ended 07.04.2023, 23:36:31
